[29-May-2018 09:48:07 Africa/Abidjan] PHP Notice:  Array to string conversion in /opt/lampp/htdocs/elephan.to/include/crk_protection.php on line 137
[29-May-2018 09:48:33 Africa/Abidjan] PHP Notice:  Array to string conversion in /opt/lampp/htdocs/elephan.to/include/crk_protection.php on line 137
[29-May-2018 10:02:37 Africa/Abidjan] PHP Notice:  Array to string conversion in /opt/lampp/htdocs/elephan.to/include/crk_protection.php on line 137
[29-May-2018 10:28:27 Africa/Abidjan] PHP Deprecated:  Methods with the same name as their class will not be constructors in a future version of PHP; update_hacks has a deprecated constructor in /opt/lampp/htdocs/elephan.to/include/class.update_hacks.php on line 32
[29-May-2018 10:28:27 Africa/Abidjan] PHP Deprecated:  Methods with the same name as their class will not be constructors in a future version of PHP; archive has a deprecated constructor in /opt/lampp/htdocs/elephan.to/include/class.archive.php on line 15
[29-May-2018 10:28:27 Africa/Abidjan] PHP Deprecated:  Methods with the same name as their class will not be constructors in a future version of PHP; tar_file has a deprecated constructor in /opt/lampp/htdocs/elephan.to/include/class.archive.php on line 271
[29-May-2018 10:28:27 Africa/Abidjan] PHP Deprecated:  Methods with the same name as their class will not be constructors in a future version of PHP; gzip_file has a deprecated constructor in /opt/lampp/htdocs/elephan.to/include/class.archive.php on line 396
[29-May-2018 10:28:27 Africa/Abidjan] PHP Deprecated:  Methods with the same name as their class will not be constructors in a future version of PHP; bzip_file has a deprecated constructor in /opt/lampp/htdocs/elephan.to/include/class.archive.php on line 428
[29-May-2018 10:28:27 Africa/Abidjan] PHP Deprecated:  Methods with the same name as their class will not be constructors in a future version of PHP; zip_file has a deprecated constructor in /opt/lampp/htdocs/elephan.to/include/class.archive.php on line 460
[29-May-2018 10:29:43 Africa/Abidjan] PHP Deprecated:  Methods with the same name as their class will not be constructors in a future version of PHP; update_hacks has a deprecated constructor in /opt/lampp/htdocs/elephan.to/include/class.update_hacks.php on line 32
[29-May-2018 10:29:43 Africa/Abidjan] PHP Deprecated:  Methods with the same name as their class will not be constructors in a future version of PHP; archive has a deprecated constructor in /opt/lampp/htdocs/elephan.to/include/class.archive.php on line 15
[29-May-2018 10:29:43 Africa/Abidjan] PHP Deprecated:  Methods with the same name as their class will not be constructors in a future version of PHP; tar_file has a deprecated constructor in /opt/lampp/htdocs/elephan.to/include/class.archive.php on line 271
[29-May-2018 10:29:43 Africa/Abidjan] PHP Deprecated:  Methods with the same name as their class will not be constructors in a future version of PHP; gzip_file has a deprecated constructor in /opt/lampp/htdocs/elephan.to/include/class.archive.php on line 396
[29-May-2018 10:29:43 Africa/Abidjan] PHP Deprecated:  Methods with the same name as their class will not be constructors in a future version of PHP; bzip_file has a deprecated constructor in /opt/lampp/htdocs/elephan.to/include/class.archive.php on line 428
[29-May-2018 10:29:43 Africa/Abidjan] PHP Deprecated:  Methods with the same name as their class will not be constructors in a future version of PHP; zip_file has a deprecated constructor in /opt/lampp/htdocs/elephan.to/include/class.archive.php on line 460
[29-May-2018 10:31:02 Africa/Abidjan] PHP Deprecated:  Methods with the same name as their class will not be constructors in a future version of PHP; update_hacks has a deprecated constructor in /opt/lampp/htdocs/elephan.to/include/class.update_hacks.php on line 32
[29-May-2018 10:31:02 Africa/Abidjan] PHP Deprecated:  Methods with the same name as their class will not be constructors in a future version of PHP; archive has a deprecated constructor in /opt/lampp/htdocs/elephan.to/include/class.archive.php on line 15
[29-May-2018 10:31:02 Africa/Abidjan] PHP Deprecated:  Methods with the same name as their class will not be constructors in a future version of PHP; tar_file has a deprecated constructor in /opt/lampp/htdocs/elephan.to/include/class.archive.php on line 271
[29-May-2018 10:31:02 Africa/Abidjan] PHP Deprecated:  Methods with the same name as their class will not be constructors in a future version of PHP; gzip_file has a deprecated constructor in /opt/lampp/htdocs/elephan.to/include/class.archive.php on line 396
[29-May-2018 10:31:02 Africa/Abidjan] PHP Deprecated:  Methods with the same name as their class will not be constructors in a future version of PHP; bzip_file has a deprecated constructor in /opt/lampp/htdocs/elephan.to/include/class.archive.php on line 428
[29-May-2018 10:31:02 Africa/Abidjan] PHP Deprecated:  Methods with the same name as their class will not be constructors in a future version of PHP; zip_file has a deprecated constructor in /opt/lampp/htdocs/elephan.to/include/class.archive.php on line 460
[29-May-2018 10:31:34 Africa/Abidjan] PHP Deprecated:  Methods with the same name as their class will not be constructors in a future version of PHP; update_hacks has a deprecated constructor in /opt/lampp/htdocs/elephan.to/include/class.update_hacks.php on line 32
[29-May-2018 10:31:34 Africa/Abidjan] PHP Deprecated:  Methods with the same name as their class will not be constructors in a future version of PHP; archive has a deprecated constructor in /opt/lampp/htdocs/elephan.to/include/class.archive.php on line 15
[29-May-2018 10:31:34 Africa/Abidjan] PHP Deprecated:  Methods with the same name as their class will not be constructors in a future version of PHP; tar_file has a deprecated constructor in /opt/lampp/htdocs/elephan.to/include/class.archive.php on line 271
[29-May-2018 10:31:34 Africa/Abidjan] PHP Deprecated:  Methods with the same name as their class will not be constructors in a future version of PHP; gzip_file has a deprecated constructor in /opt/lampp/htdocs/elephan.to/include/class.archive.php on line 396
[29-May-2018 10:31:34 Africa/Abidjan] PHP Deprecated:  Methods with the same name as their class will not be constructors in a future version of PHP; bzip_file has a deprecated constructor in /opt/lampp/htdocs/elephan.to/include/class.archive.php on line 428
[29-May-2018 10:31:34 Africa/Abidjan] PHP Deprecated:  Methods with the same name as their class will not be constructors in a future version of PHP; zip_file has a deprecated constructor in /opt/lampp/htdocs/elephan.to/include/class.archive.php on line 460
[29-May-2018 10:31:42 Africa/Abidjan] PHP Deprecated:  Methods with the same name as their class will not be constructors in a future version of PHP; update_hacks has a deprecated constructor in /opt/lampp/htdocs/elephan.to/include/class.update_hacks.php on line 32
[29-May-2018 10:31:42 Africa/Abidjan] PHP Deprecated:  Methods with the same name as their class will not be constructors in a future version of PHP; archive has a deprecated constructor in /opt/lampp/htdocs/elephan.to/include/class.archive.php on line 15
[29-May-2018 10:31:42 Africa/Abidjan] PHP Deprecated:  Methods with the same name as their class will not be constructors in a future version of PHP; tar_file has a deprecated constructor in /opt/lampp/htdocs/elephan.to/include/class.archive.php on line 271
[29-May-2018 10:31:42 Africa/Abidjan] PHP Deprecated:  Methods with the same name as their class will not be constructors in a future version of PHP; gzip_file has a deprecated constructor in /opt/lampp/htdocs/elephan.to/include/class.archive.php on line 396
[29-May-2018 10:31:42 Africa/Abidjan] PHP Deprecated:  Methods with the same name as their class will not be constructors in a future version of PHP; bzip_file has a deprecated constructor in /opt/lampp/htdocs/elephan.to/include/class.archive.php on line 428
[29-May-2018 10:31:42 Africa/Abidjan] PHP Deprecated:  Methods with the same name as their class will not be constructors in a future version of PHP; zip_file has a deprecated constructor in /opt/lampp/htdocs/elephan.to/include/class.archive.php on line 460
